INFO: [HLS 200-10] Running 'D:/Products/Xilinx/Vitis_HLS/2022.1/bin/unwrapped/win64.o/vitis_hls.exe'
INFO: [HLS 200-10] For user 'jzw00' on host 'antec' (Windows NT_amd64 version 6.2) on Sun May 03 09:53:36 +0900 2026
INFO: [HLS 200-10] In directory 'D:/workspace/Vitis/lifegame'
Sourcing Tcl script 'D:/workspace/Vitis/lifegame/vitis/solution1/export.tcl'
INFO: [HLS 200-1510] Running: source D:/workspace/Vitis/lifegame/vitis/solution1/export.tcl
INFO: [HLS 200-1510] Running: open_project vitis 
INFO: [HLS 200-10] Opening project 'D:/workspace/Vitis/lifegame/vitis'.
INFO: [HLS 200-1510] Running: set_top lifegame 
INFO: [HLS 200-1510] Running: add_files vitis/src/lifegame.cpp 
INFO: [HLS 200-10] Adding design file 'vitis/src/lifegame.cpp' to the project
INFO: [HLS 200-1510] Running: add_files vitis/src/lifegame.hpp 
INFO: [HLS 200-10] Adding design file 'vitis/src/lifegame.hpp' to the project
INFO: [HLS 200-1510] Running: add_files vitis/src/window_buffer.hpp 
INFO: [HLS 200-10] Adding design file 'vitis/src/window_buffer.hpp' to the project
INFO: [HLS 200-1510] Running: add_files -tb vitis/src/all_tests.cpp -cflags -Wno-unknown-pragmas -csimflags -Wno-unknown-pragmas 
INFO: [HLS 200-10] Adding test bench file 'vitis/src/all_tests.cpp' to the project
INFO: [HLS 200-1510] Running: add_files -tb vitis/src/lifegame_tb.cpp -cflags -Wno-unknown-pragmas -csimflags -Wno-unknown-pragmas 
INFO: [HLS 200-10] Adding test bench file 'vitis/src/lifegame_tb.cpp' to the project
INFO: [HLS 200-1510] Running: add_files -tb vitis/src/window_buffer_test.hpp -cflags -Wno-unknown-pragmas -csimflags -Wno-unknown-pragmas 
INFO: [HLS 200-10] Adding test bench file 'vitis/src/window_buffer_test.hpp' to the project
INFO: [HLS 200-1510] Running: add_files -tb vitis/src/xunit.hpp -cflags -Wno-unknown-pragmas -csimflags -Wno-unknown-pragmas 
INFO: [HLS 200-10] Adding test bench file 'vitis/src/xunit.hpp' to the project
INFO: [HLS 200-1510] Running: open_solution solution1 -flow_target vivado 
INFO: [HLS 200-10] Opening solution 'D:/workspace/Vitis/lifegame/vitis/solution1'.
INFO: [SYN 201-201] Setting up clock 'default' with a period of 10ns.
INFO: [HLS 200-1611] Setting target device to 'xc7z020-clg400-1'
INFO: [HLS 200-1505] Using flow_target 'vivado'
Resolution: For help on HLS 200-1505 see www.xilinx.com/cgi-bin/docs/rdoc?v=2022.1;t=hls+guidance;d=200-1505.html
INFO: [HLS 200-1464] Running solution command: config_export -format=ip_catalog
INFO: [HLS 200-1464] Running solution command: config_export -library=lifegame
INFO: [HLS 200-1464] Running solution command: config_export -rtl=verilog
INFO: [HLS 200-1464] Running solution command: config_export -vendor=koriel50000
INFO: [HLS 200-1464] Running solution command: config_export -vivado_clock=10
INFO: [HLS 200-1510] Running: set_part xc7z020-clg400-1 
INFO: [HLS 200-1510] Running: create_clock -period 10 -name default 
INFO: [HLS 200-1510] Running: config_export -format ip_catalog -library lifegame -rtl verilog -vendor koriel50000 -vivado_clock 10 
INFO: [HLS 200-1510] Running: source ./vitis/solution1/directives.tcl
INFO: [HLS 200-1510] Running: set_directive_top -name lifegame lifegame 
INFO: [HLS 200-1510] Running: export_design -rtl verilog -format ip_catalog 
INFO: [IMPL 213-8] Exporting RTL as a Vivado IP.

****** Vivado v2022.1.2 (64-bit)
  **** SW Build 3605665 on Fri Aug  5 22:53:37 MDT 2022
  **** IP Build 3603185 on Sat Aug  6 04:07:44 MDT 2022
    ** Copyright 1986-2022 Xilinx, Inc. All Rights Reserved.

source run_ippack.tcl -notrace
ipx::create_core: Time (s): cpu = 00:00:05 ; elapsed = 00:00:09 . Memory (MB): peak = 1250.848 ; gain = 0.000
INFO: [IP_Flow 19-234] Refreshing IP repositories
INFO: [IP_Flow 19-1704] No user IP repositories specified
INFO: [IP_Flow 19-2313] Loaded Vivado IP repository 'D:/Products/Xilinx/Vivado/2022.1/data/ip'.
INFO: [Common 17-206] Exiting Vivado at Sun May  3 09:54:25 2026...
INFO: [HLS 200-802] Generated output file vitis/solution1/impl/export.zip
INFO: [HLS 200-111] Finished Command export_design CPU user time: 2 seconds. CPU system time: 1 seconds. Elapsed time: 50.925 seconds; current allocated memory: 374.414 MB.
INFO: [HLS 200-112] Total CPU user time: 3 seconds. Total CPU system time: 3 seconds. Total elapsed time: 52.967 seconds; peak allocated memory: 1.109 GB.
